<?xml version="1.0" encoding="UTF-8" ?>
<testsuite errors="0" failures="0" hostname="mumit.bracu.ac.bd" name="cse220.assign2.ArrayListTest" tests="22" time="0.167" timestamp="2012-06-04T05:15:22">
  <properties>
[...]
</properties>
  <testcase classname="cse220.assign2.ArrayListTest" name="testArrayList" time="0.0030" />
  <testcase classname="cse220.assign2.ArrayListTest" name="testArrayIntList" time="0.0" />
  <testcase classname="cse220.assign2.ArrayListTest" name="testSize" time="0.0" />
  <testcase classname="cse220.assign2.ArrayListTest" name="testIsEmpty" time="0.0010" />
  <testcase classname="cse220.assign2.ArrayListTest" name="testContains" time="0.0010" />
  <testcase classname="cse220.assign2.ArrayListTest" name="testIndexOf" time="0.0" />
  <testcase classname="cse220.assign2.ArrayListTest" name="testLastIndexOf" time="0.0" />
  <testcase classname="cse220.assign2.ArrayListTest" name="testAddObject" time="0.0010" />
  <testcase classname="cse220.assign2.ArrayListTest" name="testAddIntObject" time="0.0" />
  <testcase classname="cse220.assign2.ArrayListTest" name="testAddAll" time="0.0" />
  <testcase classname="cse220.assign2.ArrayListTest" name="testRemoveInt" time="0.0" />
  <testcase classname="cse220.assign2.ArrayListTest" name="testRemoveObject" time="0.0" />
  <testcase classname="cse220.assign2.ArrayListTest" name="testClear" time="0.0010" />
  <testcase classname="cse220.assign2.ArrayListTest" name="testGet" time="0.0010" />
  <testcase classname="cse220.assign2.ArrayListTest" name="testSet" time="0.0" />
  <testcase classname="cse220.assign2.ArrayListTest" name="testReverse" time="0.0010" />
  <testcase classname="cse220.assign2.ArrayListTest" name="testShiftRight" time="0.0" />
  <testcase classname="cse220.assign2.ArrayListTest" name="testShiftLeft" time="0.0" />
  <testcase classname="cse220.assign2.ArrayListTest" name="testCopy" time="0.0" />
  <testcase classname="cse220.assign2.ArrayListTest" name="testToString" time="0.0" />
  <testcase classname="cse220.assign2.ArrayListTest" name="testToArray" time="0.0" />
  <testcase classname="cse220.assign2.ArrayListTest" name="testEqualsObject" time="0.0" />
  <system-out><![CDATA[]]></system-out>
  <system-err><![CDATA[]]></system-err>
</testsuite>
